{"/Users/micheloliveira/Documents/GitHub/v2/timelogger/client/src/app/components/index.ts": {"path":"/Users/micheloliveira/Documents/GitHub/v2/timelogger/client/src/app/components/index.ts","statementMap":{},"fnMap":{},"branchMap":{},"s":{},"f":{},"b":{},"_coverageSchema":"1a1c01bbd47fc00a2c39e90264f33305004495a9","hash":"02ce6f5ae79e848be29f9b1f8929880cb02e9786"}
,"/Users/micheloliveira/Documents/GitHub/v2/timelogger/client/src/app/components/Wrapper/Wrapper.tsx": {"path":"/Users/micheloliveira/Documents/GitHub/v2/timelogger/client/src/app/components/Wrapper/Wrapper.tsx","statementMap":{"0":{"start":{"line":9,"column":40},"end":{"line":11,"column":1}},"1":{"start":{"line":10,"column":4},"end":{"line":10,"column":58}}},"fnMap":{"0":{"name":"(anonymous_0)","decl":{"start":{"line":9,"column":40},"end":{"line":9,"column":41}},"loc":{"start":{"line":9,"column":56},"end":{"line":11,"column":1}},"line":9}},"branchMap":{},"s":{"0":3,"1":4},"f":{"0":4},"b":{},"_coverageSchema":"1a1c01bbd47fc00a2c39e90264f33305004495a9","hash":"7ae7ffaf649b096d73ae5e995cc3c9db8f8b0b72"}
,"/Users/micheloliveira/Documents/GitHub/v2/timelogger/client/src/app/views/Projects/Projects.tsx": {"path":"/Users/micheloliveira/Documents/GitHub/v2/timelogger/client/src/app/views/Projects/Projects.tsx","statementMap":{"0":{"start":{"line":6,"column":27},"end":{"line":84,"column":1}},"1":{"start":{"line":7,"column":23},"end":{"line":7,"column":53}},"2":{"start":{"line":8,"column":24},"end":{"line":8,"column":54}},"3":{"start":{"line":9,"column":22},"end":{"line":9,"column":52}},"4":{"start":{"line":10,"column":39},"end":{"line":10,"column":71}},"5":{"start":{"line":12,"column":2},"end":{"line":14,"column":8}},"6":{"start":{"line":13,"column":4},"end":{"line":13,"column":27}},"7":{"start":{"line":16,"column":19},"end":{"line":16,"column":35}},"8":{"start":{"line":18,"column":25},"end":{"line":31,"column":3}},"9":{"start":{"line":19,"column":4},"end":{"line":30,"column":5}},"10":{"start":{"line":20,"column":6},"end":{"line":26,"column":7}},"11":{"start":{"line":27,"column":6},"end":{"line":27,"column":37}},"12":{"start":{"line":28,"column":6},"end":{"line":28,"column":38}},"13":{"start":{"line":29,"column":6},"end":{"line":29,"column":36}},"14":{"start":{"line":33,"column":19},"end":{"line":64,"column":3}},"15":{"start":{"line":34,"column":4},"end":{"line":63,"column":5}},"16":{"start":{"line":66,"column":2},"end":{"line":83,"column":3}}},"fnMap":{"0":{"name":"(anonymous_0)","decl":{"start":{"line":6,"column":27},"end":{"line":6,"column":28}},"loc":{"start":{"line":6,"column":33},"end":{"line":84,"column":1}},"line":6},"1":{"name":"(anonymous_1)","decl":{"start":{"line":12,"column":12},"end":{"line":12,"column":13}},"loc":{"start":{"line":12,"column":18},"end":{"line":14,"column":3}},"line":12},"2":{"name":"(anonymous_2)","decl":{"start":{"line":18,"column":25},"end":{"line":18,"column":26}},"loc":{"start":{"line":18,"column":31},"end":{"line":31,"column":3}},"line":18},"3":{"name":"(anonymous_3)","decl":{"start":{"line":33,"column":19},"end":{"line":33,"column":20}},"loc":{"start":{"line":33,"column":25},"end":{"line":64,"column":3}},"line":33}},"branchMap":{"0":{"loc":{"start":{"line":19,"column":4},"end":{"line":30,"column":5}},"type":"if","locations":[{"start":{"line":19,"column":4},"end":{"line":30,"column":5}},{"start":{},"end":{}}],"line":19},"1":{"loc":{"start":{"line":19,"column":8},"end":{"line":19,"column":76}},"type":"binary-expr","locations":[{"start":{"line":19,"column":8},"end":{"line":19,"column":28}},{"start":{"line":19,"column":32},"end":{"line":19,"column":53}},{"start":{"line":19,"column":57},"end":{"line":19,"column":76}}],"line":19},"2":{"loc":{"start":{"line":79,"column":7},"end":{"line":79,"column":61}},"type":"binary-expr","locations":[{"start":{"line":79,"column":7},"end":{"line":79,"column":14}},{"start":{"line":79,"column":18},"end":{"line":79,"column":61}}],"line":79},"3":{"loc":{"start":{"line":80,"column":7},"end":{"line":80,"column":61}},"type":"binary-expr","locations":[{"start":{"line":80,"column":7},"end":{"line":80,"column":12}},{"start":{"line":80,"column":16},"end":{"line":80,"column":61}}],"line":80}},"s":{"0":1,"1":4,"2":4,"3":4,"4":4,"5":4,"6":2,"7":4,"8":4,"9":1,"10":1,"11":1,"12":1,"13":1,"14":4,"15":4,"16":4},"f":{"0":4,"1":2,"2":1,"3":4},"b":{"0":[1,0],"1":[1,1,1],"2":[4,1],"3":[4,2]},"_coverageSchema":"1a1c01bbd47fc00a2c39e90264f33305004495a9","hash":"d748e9ab6631202b943536be53f418a0130c6242"}
,"/Users/micheloliveira/Documents/GitHub/v2/timelogger/client/src/app/views/Projects/components/ProjectsList.tsx": {"path":"/Users/micheloliveira/Documents/GitHub/v2/timelogger/client/src/app/views/Projects/components/ProjectsList.tsx","statementMap":{"0":{"start":{"line":12,"column":50},"end":{"line":76,"column":1}},"1":{"start":{"line":13,"column":22},"end":{"line":13,"column":45}},"2":{"start":{"line":14,"column":19},"end":{"line":14,"column":35}},"3":{"start":{"line":16,"column":33},"end":{"line":24,"column":3}},"4":{"start":{"line":17,"column":4},"end":{"line":23,"column":5}},"5":{"start":{"line":18,"column":6},"end":{"line":18,"column":43}},"6":{"start":{"line":19,"column":6},"end":{"line":19,"column":16}},"7":{"start":{"line":21,"column":6},"end":{"line":21,"column":55}},"8":{"start":{"line":22,"column":6},"end":{"line":22,"column":16}},"9":{"start":{"line":26,"column":17},"end":{"line":39,"column":3}},"10":{"start":{"line":27,"column":4},"end":{"line":38,"column":5}},"11":{"start":{"line":40,"column":19},"end":{"line":53,"column":3}},"12":{"start":{"line":41,"column":4},"end":{"line":52,"column":5}},"13":{"start":{"line":55,"column":2},"end":{"line":75,"column":3}},"14":{"start":{"line":71,"column":10},"end":{"line":71,"column":53}}},"fnMap":{"0":{"name":"(anonymous_0)","decl":{"start":{"line":12,"column":50},"end":{"line":12,"column":51}},"loc":{"start":{"line":12,"column":84},"end":{"line":76,"column":1}},"line":12},"1":{"name":"(anonymous_1)","decl":{"start":{"line":16,"column":33},"end":{"line":16,"column":34}},"loc":{"start":{"line":16,"column":39},"end":{"line":24,"column":3}},"line":16},"2":{"name":"(anonymous_2)","decl":{"start":{"line":26,"column":17},"end":{"line":26,"column":18}},"loc":{"start":{"line":26,"column":23},"end":{"line":39,"column":3}},"line":26},"3":{"name":"(anonymous_3)","decl":{"start":{"line":40,"column":19},"end":{"line":40,"column":20}},"loc":{"start":{"line":40,"column":25},"end":{"line":53,"column":3}},"line":40},"4":{"name":"(anonymous_4)","decl":{"start":{"line":70,"column":22},"end":{"line":70,"column":23}},"loc":{"start":{"line":71,"column":10},"end":{"line":71,"column":53}},"line":71}},"branchMap":{"0":{"loc":{"start":{"line":17,"column":4},"end":{"line":23,"column":5}},"type":"if","locations":[{"start":{"line":17,"column":4},"end":{"line":23,"column":5}},{"start":{"line":20,"column":11},"end":{"line":23,"column":5}}],"line":17},"1":{"loc":{"start":{"line":63,"column":22},"end":{"line":63,"column":52}},"type":"cond-expr","locations":[{"start":{"line":63,"column":27},"end":{"line":63,"column":37}},{"start":{"line":63,"column":40},"end":{"line":63,"column":52}}],"line":63},"2":{"loc":{"start":{"line":68,"column":9},"end":{"line":68,"column":41}},"type":"binary-expr","locations":[{"start":{"line":68,"column":9},"end":{"line":68,"column":16}},{"start":{"line":68,"column":20},"end":{"line":68,"column":41}}],"line":68},"3":{"loc":{"start":{"line":69,"column":9},"end":{"line":69,"column":43}},"type":"binary-expr","locations":[{"start":{"line":69,"column":9},"end":{"line":69,"column":14}},{"start":{"line":69,"column":18},"end":{"line":69,"column":43}}],"line":69}},"s":{"0":2,"1":5,"2":5,"3":5,"4":0,"5":0,"6":0,"7":0,"8":0,"9":5,"10":5,"11":5,"12":0,"13":5,"14":10},"f":{"0":5,"1":0,"2":5,"3":0,"4":10},"b":{"0":[0,0],"1":[5,0],"2":[5,0],"3":[5,0]},"_coverageSchema":"1a1c01bbd47fc00a2c39e90264f33305004495a9","hash":"26e729bc4e921c283b8871ffb1aa8e97595fdabd"}
,"/Users/micheloliveira/Documents/GitHub/v2/timelogger/client/src/app/views/Projects/components/ProjectsListItem.tsx": {"path":"/Users/micheloliveira/Documents/GitHub/v2/timelogger/client/src/app/views/Projects/components/ProjectsListItem.tsx","statementMap":{"0":{"start":{"line":10,"column":58},"end":{"line":99,"column":1}},"1":{"start":{"line":11,"column":26},"end":{"line":11,"column":50}},"2":{"start":{"line":12,"column":28},"end":{"line":12,"column":51}},"3":{"start":{"line":13,"column":26},"end":{"line":13,"column":48}},"4":{"start":{"line":14,"column":19},"end":{"line":14,"column":35}},"5":{"start":{"line":15,"column":28},"end":{"line":27,"column":3}},"6":{"start":{"line":16,"column":4},"end":{"line":16,"column":18}},"7":{"start":{"line":17,"column":4},"end":{"line":26,"column":5}},"8":{"start":{"line":18,"column":6},"end":{"line":25,"column":7}},"9":{"start":{"line":28,"column":28},"end":{"line":41,"column":3}},"10":{"start":{"line":29,"column":4},"end":{"line":40,"column":5}},"11":{"start":{"line":37,"column":27},"end":{"line":37,"column":61}},"12":{"start":{"line":43,"column":29},"end":{"line":56,"column":3}},"13":{"start":{"line":44,"column":4},"end":{"line":55,"column":5}},"14":{"start":{"line":52,"column":27},"end":{"line":52,"column":62}},"15":{"start":{"line":58,"column":22},"end":{"line":77,"column":3}},"16":{"start":{"line":59,"column":4},"end":{"line":76,"column":5}},"17":{"start":{"line":70,"column":25},"end":{"line":70,"column":39}},"18":{"start":{"line":79,"column":2},"end":{"line":98,"column":3}},"19":{"start":{"line":89,"column":27},"end":{"line":89,"column":40}}},"fnMap":{"0":{"name":"(anonymous_0)","decl":{"start":{"line":10,"column":58},"end":{"line":10,"column":59}},"loc":{"start":{"line":10,"column":75},"end":{"line":99,"column":1}},"line":10},"1":{"name":"(anonymous_1)","decl":{"start":{"line":15,"column":28},"end":{"line":15,"column":29}},"loc":{"start":{"line":15,"column":34},"end":{"line":27,"column":3}},"line":15},"2":{"name":"(anonymous_2)","decl":{"start":{"line":28,"column":28},"end":{"line":28,"column":29}},"loc":{"start":{"line":28,"column":34},"end":{"line":41,"column":3}},"line":28},"3":{"name":"(anonymous_3)","decl":{"start":{"line":37,"column":20},"end":{"line":37,"column":21}},"loc":{"start":{"line":37,"column":27},"end":{"line":37,"column":61}},"line":37},"4":{"name":"(anonymous_4)","decl":{"start":{"line":43,"column":29},"end":{"line":43,"column":30}},"loc":{"start":{"line":43,"column":35},"end":{"line":56,"column":3}},"line":43},"5":{"name":"(anonymous_5)","decl":{"start":{"line":52,"column":20},"end":{"line":52,"column":21}},"loc":{"start":{"line":52,"column":27},"end":{"line":52,"column":62}},"line":52},"6":{"name":"(anonymous_6)","decl":{"start":{"line":58,"column":22},"end":{"line":58,"column":23}},"loc":{"start":{"line":58,"column":28},"end":{"line":77,"column":3}},"line":58},"7":{"name":"(anonymous_7)","decl":{"start":{"line":70,"column":19},"end":{"line":70,"column":20}},"loc":{"start":{"line":70,"column":25},"end":{"line":70,"column":39}},"line":70},"8":{"name":"(anonymous_8)","decl":{"start":{"line":89,"column":21},"end":{"line":89,"column":22}},"loc":{"start":{"line":89,"column":27},"end":{"line":89,"column":40}},"line":89}},"branchMap":{"0":{"loc":{"start":{"line":17,"column":4},"end":{"line":26,"column":5}},"type":"if","locations":[{"start":{"line":17,"column":4},"end":{"line":26,"column":5}},{"start":{},"end":{}}],"line":17},"1":{"loc":{"start":{"line":82,"column":7},"end":{"line":82,"column":83}},"type":"cond-expr","locations":[{"start":{"line":82,"column":15},"end":{"line":82,"column":59}},{"start":{"line":82,"column":62},"end":{"line":82,"column":83}}],"line":82},"2":{"loc":{"start":{"line":83,"column":7},"end":{"line":83,"column":85}},"type":"cond-expr","locations":[{"start":{"line":83,"column":15},"end":{"line":83,"column":60}},{"start":{"line":83,"column":63},"end":{"line":83,"column":85}}],"line":83},"3":{"loc":{"start":{"line":85,"column":9},"end":{"line":85,"column":73}},"type":"binary-expr","locations":[{"start":{"line":85,"column":9},"end":{"line":85,"column":20}},{"start":{"line":85,"column":24},"end":{"line":85,"column":73}}],"line":85},"4":{"loc":{"start":{"line":86,"column":9},"end":{"line":95,"column":9}},"type":"cond-expr","locations":[{"start":{"line":87,"column":10},"end":{"line":92,"column":19}},{"start":{"line":94,"column":10},"end":{"line":94,"column":25}}],"line":86}},"s":{"0":3,"1":11,"2":11,"3":11,"4":11,"5":11,"6":0,"7":0,"8":0,"9":11,"10":0,"11":0,"12":11,"13":0,"14":0,"15":11,"16":0,"17":0,"18":11,"19":0},"f":{"0":11,"1":0,"2":0,"3":0,"4":0,"5":0,"6":0,"7":0,"8":0},"b":{"0":[0,0],"1":[11,0],"2":[11,0],"3":[11,11],"4":[11,0]},"_coverageSchema":"1a1c01bbd47fc00a2c39e90264f33305004495a9","hash":"3f01b9f19cb39a9142ab96eacf875d90e4435167"}
}
