{"/Users/micheloliveira/Documents/GitHub/v2/timelogger/client/src/app/components/Item.tsx": {"path":"/Users/micheloliveira/Documents/GitHub/v2/timelogger/client/src/app/components/Item.tsx","statementMap":{"0":{"start":{"line":11,"column":26},"end":{"line":11,"column":50}},"1":{"start":{"line":12,"column":28},"end":{"line":12,"column":57}},"2":{"start":{"line":13,"column":26},"end":{"line":13,"column":54}},"3":{"start":{"line":14,"column":19},"end":{"line":14,"column":35}},"4":{"start":{"line":15,"column":28},"end":{"line":27,"column":3}},"5":{"start":{"line":16,"column":4},"end":{"line":16,"column":18}},"6":{"start":{"line":17,"column":4},"end":{"line":26,"column":5}},"7":{"start":{"line":18,"column":6},"end":{"line":25,"column":7}},"8":{"start":{"line":28,"column":28},"end":{"line":41,"column":3}},"9":{"start":{"line":29,"column":4},"end":{"line":40,"column":5}},"10":{"start":{"line":37,"column":27},"end":{"line":37,"column":61}},"11":{"start":{"line":43,"column":29},"end":{"line":56,"column":3}},"12":{"start":{"line":44,"column":4},"end":{"line":55,"column":5}},"13":{"start":{"line":52,"column":27},"end":{"line":52,"column":62}},"14":{"start":{"line":58,"column":22},"end":{"line":75,"column":3}},"15":{"start":{"line":59,"column":4},"end":{"line":74,"column":5}},"16":{"start":{"line":69,"column":25},"end":{"line":69,"column":39}},"17":{"start":{"line":77,"column":2},"end":{"line":96,"column":3}},"18":{"start":{"line":87,"column":27},"end":{"line":87,"column":40}}},"fnMap":{"0":{"name":"Item","decl":{"start":{"line":10,"column":24},"end":{"line":10,"column":28}},"loc":{"start":{"line":10,"column":47},"end":{"line":97,"column":1}},"line":10},"1":{"name":"(anonymous_1)","decl":{"start":{"line":15,"column":28},"end":{"line":15,"column":29}},"loc":{"start":{"line":15,"column":34},"end":{"line":27,"column":3}},"line":15},"2":{"name":"(anonymous_2)","decl":{"start":{"line":28,"column":28},"end":{"line":28,"column":29}},"loc":{"start":{"line":28,"column":34},"end":{"line":41,"column":3}},"line":28},"3":{"name":"(anonymous_3)","decl":{"start":{"line":37,"column":20},"end":{"line":37,"column":21}},"loc":{"start":{"line":37,"column":27},"end":{"line":37,"column":61}},"line":37},"4":{"name":"(anonymous_4)","decl":{"start":{"line":43,"column":29},"end":{"line":43,"column":30}},"loc":{"start":{"line":43,"column":35},"end":{"line":56,"column":3}},"line":43},"5":{"name":"(anonymous_5)","decl":{"start":{"line":52,"column":20},"end":{"line":52,"column":21}},"loc":{"start":{"line":52,"column":27},"end":{"line":52,"column":62}},"line":52},"6":{"name":"(anonymous_6)","decl":{"start":{"line":58,"column":22},"end":{"line":58,"column":23}},"loc":{"start":{"line":58,"column":28},"end":{"line":75,"column":3}},"line":58},"7":{"name":"(anonymous_7)","decl":{"start":{"line":69,"column":19},"end":{"line":69,"column":20}},"loc":{"start":{"line":69,"column":25},"end":{"line":69,"column":39}},"line":69},"8":{"name":"(anonymous_8)","decl":{"start":{"line":87,"column":21},"end":{"line":87,"column":22}},"loc":{"start":{"line":87,"column":27},"end":{"line":87,"column":40}},"line":87}},"branchMap":{"0":{"loc":{"start":{"line":17,"column":4},"end":{"line":26,"column":5}},"type":"if","locations":[{"start":{"line":17,"column":4},"end":{"line":26,"column":5}},{"start":{},"end":{}}],"line":17},"1":{"loc":{"start":{"line":80,"column":7},"end":{"line":80,"column":83}},"type":"cond-expr","locations":[{"start":{"line":80,"column":15},"end":{"line":80,"column":59}},{"start":{"line":80,"column":62},"end":{"line":80,"column":83}}],"line":80},"2":{"loc":{"start":{"line":81,"column":7},"end":{"line":81,"column":85}},"type":"cond-expr","locations":[{"start":{"line":81,"column":15},"end":{"line":81,"column":60}},{"start":{"line":81,"column":63},"end":{"line":81,"column":85}}],"line":81},"3":{"loc":{"start":{"line":83,"column":9},"end":{"line":83,"column":85}},"type":"binary-expr","locations":[{"start":{"line":83,"column":9},"end":{"line":83,"column":26}},{"start":{"line":83,"column":30},"end":{"line":83,"column":85}}],"line":83},"4":{"loc":{"start":{"line":84,"column":9},"end":{"line":93,"column":9}},"type":"cond-expr","locations":[{"start":{"line":85,"column":10},"end":{"line":90,"column":19}},{"start":{"line":92,"column":10},"end":{"line":92,"column":25}}],"line":84}},"s":{"0":0,"1":0,"2":0,"3":0,"4":0,"5":0,"6":0,"7":0,"8":0,"9":0,"10":0,"11":0,"12":0,"13":0,"14":0,"15":0,"16":0,"17":0,"18":0},"f":{"0":0,"1":0,"2":0,"3":0,"4":0,"5":0,"6":0,"7":0,"8":0},"b":{"0":[0,0],"1":[0,0],"2":[0,0],"3":[0,0],"4":[0,0]},"_coverageSchema":"1a1c01bbd47fc00a2c39e90264f33305004495a9","hash":"db7b831c4e8e285e7efeec976380845aa48f3a2e"}
,"/Users/micheloliveira/Documents/GitHub/v2/timelogger/client/src/app/components/Table.tsx": {"path":"/Users/micheloliveira/Documents/GitHub/v2/timelogger/client/src/app/components/Table.tsx","statementMap":{"0":{"start":{"line":8,"column":22},"end":{"line":8,"column":45}},"1":{"start":{"line":9,"column":19},"end":{"line":9,"column":35}},"2":{"start":{"line":11,"column":21},"end":{"line":11,"column":53}},"3":{"start":{"line":13,"column":2},"end":{"line":15,"column":8}},"4":{"start":{"line":14,"column":4},"end":{"line":14,"column":27}},"5":{"start":{"line":17,"column":33},"end":{"line":25,"column":3}},"6":{"start":{"line":18,"column":4},"end":{"line":24,"column":5}},"7":{"start":{"line":19,"column":6},"end":{"line":19,"column":54}},"8":{"start":{"line":20,"column":6},"end":{"line":20,"column":16}},"9":{"start":{"line":22,"column":6},"end":{"line":22,"column":55}},"10":{"start":{"line":23,"column":6},"end":{"line":23,"column":16}},"11":{"start":{"line":27,"column":17},"end":{"line":40,"column":3}},"12":{"start":{"line":28,"column":4},"end":{"line":39,"column":5}},"13":{"start":{"line":41,"column":19},"end":{"line":54,"column":3}},"14":{"start":{"line":42,"column":4},"end":{"line":53,"column":5}},"15":{"start":{"line":56,"column":2},"end":{"line":76,"column":3}},"16":{"start":{"line":72,"column":10},"end":{"line":72,"column":53}}},"fnMap":{"0":{"name":"Table","decl":{"start":{"line":7,"column":24},"end":{"line":7,"column":29}},"loc":{"start":{"line":7,"column":32},"end":{"line":77,"column":1}},"line":7},"1":{"name":"(anonymous_1)","decl":{"start":{"line":13,"column":12},"end":{"line":13,"column":13}},"loc":{"start":{"line":13,"column":18},"end":{"line":15,"column":3}},"line":13},"2":{"name":"(anonymous_2)","decl":{"start":{"line":17,"column":33},"end":{"line":17,"column":34}},"loc":{"start":{"line":17,"column":39},"end":{"line":25,"column":3}},"line":17},"3":{"name":"(anonymous_3)","decl":{"start":{"line":27,"column":17},"end":{"line":27,"column":18}},"loc":{"start":{"line":27,"column":23},"end":{"line":40,"column":3}},"line":27},"4":{"name":"(anonymous_4)","decl":{"start":{"line":41,"column":19},"end":{"line":41,"column":20}},"loc":{"start":{"line":41,"column":25},"end":{"line":54,"column":3}},"line":41},"5":{"name":"(anonymous_5)","decl":{"start":{"line":71,"column":33},"end":{"line":71,"column":34}},"loc":{"start":{"line":72,"column":10},"end":{"line":72,"column":53}},"line":72}},"branchMap":{"0":{"loc":{"start":{"line":18,"column":4},"end":{"line":24,"column":5}},"type":"if","locations":[{"start":{"line":18,"column":4},"end":{"line":24,"column":5}},{"start":{"line":21,"column":11},"end":{"line":24,"column":5}}],"line":18},"1":{"loc":{"start":{"line":64,"column":22},"end":{"line":64,"column":52}},"type":"cond-expr","locations":[{"start":{"line":64,"column":27},"end":{"line":64,"column":37}},{"start":{"line":64,"column":40},"end":{"line":64,"column":52}}],"line":64},"2":{"loc":{"start":{"line":69,"column":9},"end":{"line":69,"column":52}},"type":"binary-expr","locations":[{"start":{"line":69,"column":9},"end":{"line":69,"column":27}},{"start":{"line":69,"column":31},"end":{"line":69,"column":52}}],"line":69},"3":{"loc":{"start":{"line":70,"column":9},"end":{"line":70,"column":65}},"type":"binary-expr","locations":[{"start":{"line":70,"column":9},"end":{"line":70,"column":25}},{"start":{"line":70,"column":29},"end":{"line":70,"column":65}}],"line":70}},"s":{"0":0,"1":0,"2":0,"3":0,"4":0,"5":0,"6":0,"7":0,"8":0,"9":0,"10":0,"11":0,"12":0,"13":0,"14":0,"15":0,"16":0},"f":{"0":0,"1":0,"2":0,"3":0,"4":0,"5":0},"b":{"0":[0,0],"1":[0,0],"2":[0,0],"3":[0,0]},"_coverageSchema":"1a1c01bbd47fc00a2c39e90264f33305004495a9","hash":"8eae54e7c68ea84ca4e011ea31e0cd98efbcefe3"}
,"/Users/micheloliveira/Documents/GitHub/v2/timelogger/client/src/app/views/Projects.tsx": {"path":"/Users/micheloliveira/Documents/GitHub/v2/timelogger/client/src/app/views/Projects.tsx","statementMap":{"0":{"start":{"line":8,"column":23},"end":{"line":8,"column":53}},"1":{"start":{"line":9,"column":24},"end":{"line":9,"column":54}},"2":{"start":{"line":10,"column":22},"end":{"line":10,"column":52}},"3":{"start":{"line":11,"column":21},"end":{"line":11,"column":53}},"4":{"start":{"line":13,"column":19},"end":{"line":13,"column":35}},"5":{"start":{"line":15,"column":25},"end":{"line":28,"column":3}},"6":{"start":{"line":16,"column":4},"end":{"line":27,"column":5}},"7":{"start":{"line":17,"column":6},"end":{"line":23,"column":7}},"8":{"start":{"line":24,"column":6},"end":{"line":24,"column":37}},"9":{"start":{"line":25,"column":6},"end":{"line":25,"column":38}},"10":{"start":{"line":26,"column":6},"end":{"line":26,"column":36}},"11":{"start":{"line":30,"column":19},"end":{"line":58,"column":3}},"12":{"start":{"line":31,"column":4},"end":{"line":57,"column":5}},"13":{"start":{"line":60,"column":2},"end":{"line":77,"column":3}}},"fnMap":{"0":{"name":"Projects","decl":{"start":{"line":7,"column":24},"end":{"line":7,"column":32}},"loc":{"start":{"line":7,"column":35},"end":{"line":78,"column":1}},"line":7},"1":{"name":"(anonymous_1)","decl":{"start":{"line":15,"column":25},"end":{"line":15,"column":26}},"loc":{"start":{"line":15,"column":31},"end":{"line":28,"column":3}},"line":15},"2":{"name":"(anonymous_2)","decl":{"start":{"line":30,"column":19},"end":{"line":30,"column":20}},"loc":{"start":{"line":30,"column":25},"end":{"line":58,"column":3}},"line":30}},"branchMap":{"0":{"loc":{"start":{"line":16,"column":4},"end":{"line":27,"column":5}},"type":"if","locations":[{"start":{"line":16,"column":4},"end":{"line":27,"column":5}},{"start":{},"end":{}}],"line":16},"1":{"loc":{"start":{"line":16,"column":8},"end":{"line":16,"column":76}},"type":"binary-expr","locations":[{"start":{"line":16,"column":8},"end":{"line":16,"column":28}},{"start":{"line":16,"column":32},"end":{"line":16,"column":53}},{"start":{"line":16,"column":57},"end":{"line":16,"column":76}}],"line":16},"2":{"loc":{"start":{"line":73,"column":7},"end":{"line":73,"column":50}},"type":"binary-expr","locations":[{"start":{"line":73,"column":7},"end":{"line":73,"column":25}},{"start":{"line":73,"column":29},"end":{"line":73,"column":50}}],"line":73},"3":{"loc":{"start":{"line":74,"column":7},"end":{"line":74,"column":63}},"type":"binary-expr","locations":[{"start":{"line":74,"column":7},"end":{"line":74,"column":23}},{"start":{"line":74,"column":27},"end":{"line":74,"column":63}}],"line":74}},"s":{"0":2,"1":1,"2":1,"3":1,"4":0,"5":0,"6":0,"7":0,"8":0,"9":0,"10":0,"11":0,"12":0,"13":0},"f":{"0":2,"1":0,"2":0},"b":{"0":[0,0],"1":[0,0,0],"2":[0,0],"3":[0,0]},"_coverageSchema":"1a1c01bbd47fc00a2c39e90264f33305004495a9","hash":"e4d5e99c89aa834e84cd803b7b453c8c139c540a"}
}
